<?xml version="1.0" encoding="UTF-8"?>
<!-- Generated by org.testng.reporters.JUnitXMLReporter -->
<testsuite ignored="2" hostname="DESKTOP-J4GKK6P" failures="0" tests="0" time="0.012" errors="0" timestamp="2024-12-31T21:54:25 IST">
  <testcase classname="com.store.TestCases.TC_MyAccountPageTest" name="verifyRegistrationAndLogin" time="0.0">
    <ignored/>
  </testcase> <!-- verifyRegistrationAndLogin -->
  <testcase classname="com.store.TestCases.TC_MyAccountPageTest" name="verifyLogin" time="0.0">
    <ignored/>
  </testcase> <!-- verifyLogin -->
</testsuite>
