<?xml version="1.0" encoding="UTF-8"?>
<!-- Generated by org.testng.reporters.JUnitXMLReporter -->
<testsuite ignored="2" hostname="DESKTOP-J4GKK6P" failures="0" tests="3" name="Test" time="21.512" errors="0" timestamp="2025-01-04T00:00:10 IST">
  <testcase classname="com.store.TestCases.TC_ProductPageTest" name="verifySearchProduct" time="5.072"/>
  <testcase classname="com.store.TestCases.TC_ProductPageTest" name="verifySearchProduct" time="4.173"/>
  <testcase classname="com.store.TestCases.TC_ProductPageTest" name="verifySearchProduct" time="4.007"/>
  <testcase classname="com.store.TestCases.TC_MyAccountPageTestDataDriven" name="verifyLogin" time="0.0">
    <ignored/>
  </testcase> <!-- verifyLogin -->
  <testcase classname="com.store.TestCases.TC_MyAccountPageTestDataDriven" name="verifyRegistrationAndLogin" time="0.0">
    <ignored/>
  </testcase> <!-- verifyRegistrationAndLogin -->
</testsuite> <!-- Test -->
