<?xml version="1.0" encoding="UTF-8"?>
<!-- Generated by org.testng.reporters.JUnitXMLReporter -->
<testsuite ignored="1" hostname="Avinash" failures="0" tests="3" name="Test" time="27.554" errors="0" timestamp="2025-01-04T14:12:08 IST">
  <testcase classname="com.store.TestCases.TC_MyAccountPageTestDataDriven" name="verifyLogin" time="3.564"/>
  <testcase classname="com.store.TestCases.TC_MyAccountPageTestDataDriven" name="verifyLogin" time="2.937"/>
  <testcase classname="com.store.TestCases.TC_ProductPageTest" name="verifySearchProduct" time="4.509"/>
  <testcase classname="com.store.TestCases.TC_MyAccountPageTestDataDriven" name="verifyRegistrationAndLogin" time="0.0">
    <ignored/>
  </testcase> <!-- verifyRegistrationAndLogin -->
</testsuite> <!-- Test -->
