<?xml version="1.0" encoding="UTF-8"?>
<testng-results ignored="0" total="3" passed="3" failed="0" skipped="0">
  <reporter-output>
  </reporter-output>
  <suite started-at="2025-01-04T14:11:40 IST" name="Suite" finished-at="2025-01-04T14:12:07 IST" duration-ms="27554">
    <groups>
    </groups>
    <test started-at="2025-01-04T14:11:40 IST" name="Test" finished-at="2025-01-04T14:12:07 IST" duration-ms="27554">
      <class name="com.store.TestCases.TC_ProductPageTest">
        <test-method is-config="true" signature="setUp()[pri:0, instance:com.store.TestCases.TC_ProductPageTest@293a5bf6]" started-at="2025-01-04T14:11:57 IST" name="setUp" finished-at="2025-01-04T14:12:03 IST" duration-ms="6008" status="PASS">
          <reporter-output>
          </reporter-output>
        </test-method> <!-- setUp -->
        <test-method signature="verifySearchProduct()[pri:2, instance:com.store.TestCases.TC_ProductPageTest@293a5bf6]" started-at="2025-01-04T14:12:03 IST" name="verifySearchProduct" finished-at="2025-01-04T14:12:07 IST" duration-ms="4509" status="PASS">
          <reporter-output>
          </reporter-output>
        </test-method> <!-- verifySearchProduct -->
        <test-method is-config="true" signature="tearDown()[pri:0, instance:com.store.TestCases.TC_ProductPageTest@293a5bf6]" started-at="2025-01-04T14:12:07 IST" name="tearDown" finished-at="2025-01-04T14:12:07 IST" duration-ms="193" status="PASS">
          <reporter-output>
          </reporter-output>
        </test-method> <!-- tearDown -->
      </class> <!-- com.store.TestCases.TC_ProductPageTest -->
      <class name="com.store.TestCases.TC_MyAccountPageTestDataDriven">
        <test-method is-config="true" signature="setUp()[pri:0, instance:com.store.TestCases.TC_MyAccountPageTestDataDriven@55183b20]" started-at="2025-01-04T14:11:40 IST" name="setUp" finished-at="2025-01-04T14:11:49 IST" duration-ms="8505" status="PASS">
          <reporter-output>
          </reporter-output>
        </test-method> <!-- setUp -->
        <test-method signature="verifyLogin(java.lang.String,java.lang.String,java.lang.String)[pri:1, instance:com.store.TestCases.TC_MyAccountPageTestDataDriven@55183b20]" started-at="2025-01-04T14:11:50 IST" name="verifyLogin" data-provider="loginDataProvider" finished-at="2025-01-04T14:11:53 IST" duration-ms="3564" status="PASS">
          <params>
            <param index="0">
              <value>
                <![CDATA[mr.avinashpol@gmail.com]]>
              </value>
            </param>
            <param index="1">
              <value>
                <![CDATA[Avinash@123]]>
              </value>
            </param>
            <param index="2">
              <value>
                <![CDATA[Avinash Pol]]>
              </value>
            </param>
          </params>
          <reporter-output>
          </reporter-output>
        </test-method> <!-- verifyLogin -->
        <test-method signature="verifyLogin(java.lang.String,java.lang.String,java.lang.String)[pri:1, instance:com.store.TestCases.TC_MyAccountPageTestDataDriven@55183b20]" started-at="2025-01-04T14:11:53 IST" name="verifyLogin" data-provider="loginDataProvider" finished-at="2025-01-04T14:11:56 IST" duration-ms="2937" status="PASS">
          <params>
            <param index="0">
              <value>
                <![CDATA[test2@test2.as]]>
              </value>
            </param>
            <param index="1">
              <value>
                <![CDATA[Shyam@123]]>
              </value>
            </param>
            <param index="2">
              <value>
                <![CDATA[Shyam Pol]]>
              </value>
            </param>
          </params>
          <reporter-output>
          </reporter-output>
        </test-method> <!-- verifyLogin -->
        <test-method is-config="true" signature="tearDown()[pri:0, instance:com.store.TestCases.TC_MyAccountPageTestDataDriven@55183b20]" started-at="2025-01-04T14:11:56 IST" name="tearDown" finished-at="2025-01-04T14:11:57 IST" duration-ms="214" status="PASS">
          <reporter-output>
          </reporter-output>
        </test-method> <!-- tearDown -->
      </class> <!-- com.store.TestCases.TC_MyAccountPageTestDataDriven -->
    </test> <!-- Test -->
  </suite> <!-- Suite -->
</testng-results>
