<?xml version="1.0" encoding="UTF-8"?>
<testng-results ignored="0" total="3" passed="3" failed="0" skipped="0">
  <reporter-output>
  </reporter-output>
  <suite started-at="2025-01-03T23:59:48 IST" name="Suite" finished-at="2025-01-04T00:00:10 IST" duration-ms="21512">
    <groups>
    </groups>
    <test started-at="2025-01-03T23:59:48 IST" name="Test" finished-at="2025-01-04T00:00:10 IST" duration-ms="21512">
      <class name="com.store.TestCases.TC_ProductPageTest">
        <test-method is-config="true" signature="setUp()[pri:0, instance:com.store.TestCases.TC_ProductPageTest@4d1bf319]" started-at="2025-01-03T23:59:49 IST" name="setUp" finished-at="2025-01-03T23:59:56 IST" duration-ms="7663" status="PASS">
          <reporter-output>
          </reporter-output>
        </test-method> <!-- setUp -->
        <test-method signature="verifySearchProduct()[pri:0, instance:com.store.TestCases.TC_ProductPageTest@4d1bf319]" started-at="2025-01-03T23:59:56 IST" name="verifySearchProduct" finished-at="2025-01-04T00:00:01 IST" duration-ms="5072" status="PASS">
          <reporter-output>
          </reporter-output>
        </test-method> <!-- verifySearchProduct -->
        <test-method signature="verifySearchProduct()[pri:0, instance:com.store.TestCases.TC_ProductPageTest@4d1bf319]" started-at="2025-01-04T00:00:01 IST" name="verifySearchProduct" finished-at="2025-01-04T00:00:05 IST" duration-ms="4173" status="PASS">
          <reporter-output>
          </reporter-output>
        </test-method> <!-- verifySearchProduct -->
        <test-method signature="verifySearchProduct()[pri:0, instance:com.store.TestCases.TC_ProductPageTest@4d1bf319]" started-at="2025-01-04T00:00:05 IST" name="verifySearchProduct" finished-at="2025-01-04T00:00:09 IST" duration-ms="4007" status="PASS">
          <reporter-output>
          </reporter-output>
        </test-method> <!-- verifySearchProduct -->
        <test-method is-config="true" signature="tearDown()[pri:0, instance:com.store.TestCases.TC_ProductPageTest@4d1bf319]" started-at="2025-01-04T00:00:09 IST" name="tearDown" finished-at="2025-01-04T00:00:10 IST" duration-ms="306" status="PASS">
          <reporter-output>
          </reporter-output>
        </test-method> <!-- tearDown -->
      </class> <!-- com.store.TestCases.TC_ProductPageTest -->
    </test> <!-- Test -->
  </suite> <!-- Suite -->
</testng-results>
